.appveyor.bat
.appveyor.yml
.gitignore
.travis.yml
COPYING
NEWS
README.md
hedley.h
test/.gitignore
test/Makefile
test/Makefile.dmc
test/Makefile.iar
test/Makefile.icl
test/Makefile.msvc
test/Makefile.pelles
test/array-param.c
test/assume.c
test/cast.c
test/concat.c
test/const.c
test/constant.c
test/deprecated.c
test/empty-bases.c
test/fallthrough.c
test/flags.c
test/inline.c
test/likely.c
test/malloc.c
test/message.c
test/no-escape.c
test/no-return.c
test/no-throw.c
test/noinline.c
test/non-null.c
test/predict.c
test/printf-format.c
test/pure.c
test/require.c
test/restrict.c
test/returns-non-null.c
test/sentinel.c
test/static-assert.c
test/stringify.c
test/unavailable.c
test/unknown-cpp-attributes.c
test/unknown-pragmas.c
test/unreachable.c
test/visibility.c
test/warn-unused-result.c
test/warn.c
