.gitattributes
.github/workflows/presubmit.yml
.gitignore
BUILD.bazel
BUILD.gn
CMakeLists.txt
CODE_OF_CONDUCT.md
LICENSE
README.md
SPIRV-Headers.pc.in
WORKSPACE
cmake/Config.cmake.in
example/CMakeLists.txt
example/example.cpp
include/spirv/1.0/GLSL.std.450.h
include/spirv/1.0/OpenCL.std.h
include/spirv/1.0/extinst.glsl.std.450.grammar.json
include/spirv/1.0/extinst.opencl.std.100.grammar.json
include/spirv/1.0/spirv.core.grammar.json
include/spirv/1.0/spirv.cs
include/spirv/1.0/spirv.h
include/spirv/1.0/spirv.hpp
include/spirv/1.0/spirv.hpp11
include/spirv/1.0/spirv.json
include/spirv/1.0/spirv.lua
include/spirv/1.0/spirv.py
include/spirv/1.1/GLSL.std.450.h
include/spirv/1.1/OpenCL.std.h
include/spirv/1.1/extinst.glsl.std.450.grammar.json
include/spirv/1.1/extinst.opencl.std.100.grammar.json
include/spirv/1.1/spirv.core.grammar.json
include/spirv/1.1/spirv.cs
include/spirv/1.1/spirv.h
include/spirv/1.1/spirv.hpp
include/spirv/1.1/spirv.hpp11
include/spirv/1.1/spirv.json
include/spirv/1.1/spirv.lua
include/spirv/1.1/spirv.py
include/spirv/1.2/GLSL.std.450.h
include/spirv/1.2/OpenCL.std.h
include/spirv/1.2/extinst.glsl.std.450.grammar.json
include/spirv/1.2/extinst.opencl.std.100.grammar.json
include/spirv/1.2/spirv.core.grammar.json
include/spirv/1.2/spirv.cs
include/spirv/1.2/spirv.h
include/spirv/1.2/spirv.hpp
include/spirv/1.2/spirv.hpp11
include/spirv/1.2/spirv.json
include/spirv/1.2/spirv.lua
include/spirv/1.2/spirv.py
include/spirv/spir-v.xml
include/spirv/unified1/AMD_gcn_shader.h
include/spirv/unified1/AMD_shader_ballot.h
include/spirv/unified1/AMD_shader_explicit_vertex_parameter.h
include/spirv/unified1/AMD_shader_trinary_minmax.h
include/spirv/unified1/DebugInfo.h
include/spirv/unified1/GLSL.std.450.h
include/spirv/unified1/NonSemanticClspvReflection.h
include/spirv/unified1/NonSemanticDebugPrintf.h
include/spirv/unified1/NonSemanticShaderDebugInfo100.h
include/spirv/unified1/OpenCL.std.h
include/spirv/unified1/OpenCLDebugInfo100.h
include/spirv/unified1/extinst.debuginfo.grammar.json
include/spirv/unified1/extinst.glsl.std.450.grammar.json
include/spirv/unified1/extinst.nonsemantic.clspvreflection.grammar.json
include/spirv/unified1/extinst.nonsemantic.debugprintf.grammar.json
include/spirv/unified1/extinst.nonsemantic.shader.debuginfo.100.grammar.json
include/spirv/unified1/extinst.opencl.debuginfo.100.grammar.json
include/spirv/unified1/extinst.opencl.std.100.grammar.json
include/spirv/unified1/extinst.spv-amd-gcn-shader.grammar.json
include/spirv/unified1/extinst.spv-amd-shader-ballot.grammar.json
include/spirv/unified1/extinst.spv-amd-shader-explicit-vertex-parameter.grammar.json
include/spirv/unified1/extinst.spv-amd-shader-trinary-minmax.grammar.json
include/spirv/unified1/spirv.core.grammar.json
include/spirv/unified1/spirv.cs
include/spirv/unified1/spirv.h
include/spirv/unified1/spirv.hpp
include/spirv/unified1/spirv.hpp11
include/spirv/unified1/spirv.json
include/spirv/unified1/spirv.lua
include/spirv/unified1/spirv.py
include/spirv/unified1/spv.d
tools/buildHeaders/CMakeLists.txt
tools/buildHeaders/bin/generate_language_headers.py
tools/buildHeaders/bin/makeExtinstHeaders.py
tools/buildHeaders/bin/makeHeaders
tools/buildHeaders/header.cpp
tools/buildHeaders/header.h
tools/buildHeaders/jsonToSpirv.cpp
tools/buildHeaders/jsonToSpirv.h
tools/buildHeaders/jsoncpp/dist/json/json-forwards.h
tools/buildHeaders/jsoncpp/dist/json/json.h
tools/buildHeaders/jsoncpp/dist/jsoncpp.cpp
tools/buildHeaders/main.cpp
