.appveyor.yml
.clang-format
.gitignore
.gitmodules
.travis.yml
CMakeLists.txt
LICENSE.md
README.md
cmake/mpark_variant-config.cmake.in
include/mpark/config.hpp
include/mpark/in_place.hpp
include/mpark/lib.hpp
include/mpark/variant.hpp
support/ninja.py
support/single-header.py
support/vs.py
support/wandbox.cpp
support/wandbox.py
test/CMakeLists.txt
test/README.md
test/assign.copy.cpp
test/assign.fwd.cpp
test/assign.move.cpp
test/ctor.copy.cpp
test/ctor.default.cpp
test/ctor.fwd.cpp
test/ctor.in_place.cpp
test/ctor.move.cpp
test/dtor.cpp
test/get.cpp
test/hash.cpp
test/intro.cpp
test/issue.cpp
test/json.cpp
test/libcxx.sh
test/mod.cpp
test/relops.cpp
test/swap.cpp
test/util.hpp
test/visit.cpp
