.editorconfig
.gitattributes
.github/workflows/ci.yml
.gitignore
.tgitconfig
.travis.yml
CMakeLists.txt
LICENSE.txt
README.md
appveyor.yml
cmake/string-view-lite-config-version.cmake.in
cmake/string-view-lite-config.cmake.in
conanfile.py
example/01-basic.cpp
example/02-no-exceptions.cpp
include/nonstd/string_view.hpp
project/CodeBlocks/string-view-lite.cbp
project/CodeBlocks/string-view-lite.workspace
script/create-cov-rpt.py
script/create-vcpkg.py
script/update-version.py
script/upload-conan.py
test/CMakeLists.txt
test/lest/lest_cpp03.hpp
test/nonstd/string_view.tweak.hpp
test/string-view-main.t.cpp
test/string-view-main.t.hpp
test/string-view.t.cpp
test/t.bat
test/tc-cl.bat
test/tc.bat
test/tg.bat
